CRITICAL - 2023-07-16 09:48:31 --> Undefined variable $totalTime
#0 C:\xampp\htdocs\integrador\system\Debug\Toolbar\Views\toolbar.tpl.php(40): CodeIgniter\Debug\Exceptions->errorHandler(2, 'Undefined varia...', 'C:\\xampp\\htdocs...', 40)
#1 C:\xampp\htdocs\integrador\system\Debug\Toolbar.php(501): include('C:\\xampp\\htdocs...')
#2 C:\xampp\htdocs\integrador\system\Debug\Toolbar.php(464): CodeIgniter\Debug\Toolbar->format(Array, 'html')
#3 C:\xampp\htdocs\integrador\app\Config\Events.php(52): CodeIgniter\Debug\Toolbar->respond()
#4 C:\xampp\htdocs\integrador\system\Events\Events.php(149): CodeIgniter\Events\Events::Config\{closure}()
#5 C:\xampp\htdocs\integrador\system\CodeIgniter.php(308): CodeIgniter\Events\Events::trigger('pre_system')
#6 C:\xampp\htdocs\integrador\public\index.php(37): CodeIgniter\CodeIgniter->run()
#7 {main}
CRITICAL - 2023-07-16 11:33:06 --> Undefined variable $totalTime
#0 C:\xampp\htdocs\integrador\system\Debug\Toolbar\Views\toolbar.tpl.php(40): CodeIgniter\Debug\Exceptions->errorHandler(2, 'Undefined varia...', 'C:\\xampp\\htdocs...', 40)
#1 C:\xampp\htdocs\integrador\system\Debug\Toolbar.php(501): include('C:\\xampp\\htdocs...')
#2 C:\xampp\htdocs\integrador\system\Debug\Toolbar.php(464): CodeIgniter\Debug\Toolbar->format(Array, 'html')
#3 C:\xampp\htdocs\integrador\app\Config\Events.php(52): CodeIgniter\Debug\Toolbar->respond()
#4 C:\xampp\htdocs\integrador\system\Events\Events.php(149): CodeIgniter\Events\Events::Config\{closure}()
#5 C:\xampp\htdocs\integrador\system\CodeIgniter.php(308): CodeIgniter\Events\Events::trigger('pre_system')
#6 C:\xampp\htdocs\integrador\public\index.php(37): CodeIgniter\CodeIgniter->run()
#7 {main}
CRITICAL - 2023-07-16 11:35:36 --> syntax error, unexpected token ";", expecting ")"
#0 C:\xampp\htdocs\integrador\system\View\View.php(213): CodeIgniter\View\View->CodeIgniter\View\{closure}()
#1 C:\xampp\htdocs\integrador\system\View\View.php(226): CodeIgniter\View\View->render('layout', Array, true)
#2 C:\xampp\htdocs\integrador\system\Common.php(1089): CodeIgniter\View\View->render('index', Array, true)
#3 C:\xampp\htdocs\integrador\app\Controllers\Home.php(16): view('index', Array)
#4 C:\xampp\htdocs\integrador\system\CodeIgniter.php(832): App\Controllers\Home->index()
#5 C:\xampp\htdocs\integrador\system\CodeIgniter.php(419): CodeIgniter\CodeIgniter->runController(Object(App\Controllers\Home))
#6 C:\xampp\htdocs\integrador\system\CodeIgniter.php(326): CodeIgniter\CodeIgniter->handleRequest(NULL, Object(Config\Cache), false)
#7 C:\xampp\htdocs\integrador\public\index.php(37): CodeIgniter\CodeIgniter->run()
#8 {main}
CRITICAL - 2023-07-16 11:35:43 --> syntax error, unexpected token ";", expecting ")"
#0 C:\xampp\htdocs\integrador\system\View\View.php(213): CodeIgniter\View\View->CodeIgniter\View\{closure}()
#1 C:\xampp\htdocs\integrador\system\View\View.php(226): CodeIgniter\View\View->render('layout', Array, true)
#2 C:\xampp\htdocs\integrador\system\Common.php(1089): CodeIgniter\View\View->render('index', Array, true)
#3 C:\xampp\htdocs\integrador\app\Controllers\Home.php(16): view('index', Array)
#4 C:\xampp\htdocs\integrador\system\CodeIgniter.php(832): App\Controllers\Home->index()
#5 C:\xampp\htdocs\integrador\system\CodeIgniter.php(419): CodeIgniter\CodeIgniter->runController(Object(App\Controllers\Home))
#6 C:\xampp\htdocs\integrador\system\CodeIgniter.php(326): CodeIgniter\CodeIgniter->handleRequest(NULL, Object(Config\Cache), false)
#7 C:\xampp\htdocs\integrador\public\index.php(37): CodeIgniter\CodeIgniter->run()
#8 {main}
CRITICAL - 2023-07-16 19:05:23 --> The framework needs the following extension(s) installed and loaded: intl.
#0 C:\xampp\htdocs\integrador\system\CodeIgniter.php(219): CodeIgniter\Exceptions\FrameworkException::forMissingExtension('intl')
#1 C:\xampp\htdocs\integrador\system\CodeIgniter.php(177): CodeIgniter\CodeIgniter->resolvePlatformExtensions()
#2 C:\xampp\htdocs\integrador\system\bootstrap.php(146): CodeIgniter\CodeIgniter->initialize()
#3 C:\xampp\htdocs\integrador\public\index.php(28): require('C:\\xampp\\htdocs...')
#4 {main}
CRITICAL - 2023-07-16 19:05:59 --> The framework needs the following extension(s) installed and loaded: intl.
#0 C:\xampp\htdocs\integrador\system\CodeIgniter.php(219): CodeIgniter\Exceptions\FrameworkException::forMissingExtension('intl')
#1 C:\xampp\htdocs\integrador\system\CodeIgniter.php(177): CodeIgniter\CodeIgniter->resolvePlatformExtensions()
#2 C:\xampp\htdocs\integrador\system\bootstrap.php(146): CodeIgniter\CodeIgniter->initialize()
#3 C:\xampp\htdocs\integrador\public\index.php(28): require('C:\\xampp\\htdocs...')
#4 {main}
CRITICAL - 2023-07-16 12:06:36 --> Undefined variable $totalTime
#0 C:\xampp\htdocs\integrador\system\Debug\Toolbar\Views\toolbar.tpl.php(40): CodeIgniter\Debug\Exceptions->errorHandler(2, 'Undefined varia...', 'C:\\xampp\\htdocs...', 40)
#1 C:\xampp\htdocs\integrador\system\Debug\Toolbar.php(501): include('C:\\xampp\\htdocs...')
#2 C:\xampp\htdocs\integrador\system\Debug\Toolbar.php(464): CodeIgniter\Debug\Toolbar->format(Array, 'html')
#3 C:\xampp\htdocs\integrador\app\Config\Events.php(52): CodeIgniter\Debug\Toolbar->respond()
#4 C:\xampp\htdocs\integrador\system\Events\Events.php(149): CodeIgniter\Events\Events::Config\{closure}()
#5 C:\xampp\htdocs\integrador\system\CodeIgniter.php(308): CodeIgniter\Events\Events::trigger('pre_system')
#6 C:\xampp\htdocs\integrador\public\index.php(37): CodeIgniter\CodeIgniter->run()
#7 {main}
CRITICAL - 2023-07-16 15:18:29 --> Undefined array key "id"
#0 C:\xampp\htdocs\integrador\app\Views\user.php(9): CodeIgniter\Debug\Exceptions->errorHandler(2, 'Undefined array...', 'C:\\xampp\\htdocs...', 9)
#1 C:\xampp\htdocs\integrador\system\View\View.php(210): include('C:\\xampp\\htdocs...')
#2 C:\xampp\htdocs\integrador\system\View\View.php(213): CodeIgniter\View\View->CodeIgniter\View\{closure}()
#3 C:\xampp\htdocs\integrador\system\Common.php(1089): CodeIgniter\View\View->render('user', Array, true)
#4 C:\xampp\htdocs\integrador\app\Controllers\Home.php(35): view('user', Array)
#5 C:\xampp\htdocs\integrador\system\CodeIgniter.php(832): App\Controllers\Home->user('0')
#6 C:\xampp\htdocs\integrador\system\CodeIgniter.php(419): CodeIgniter\CodeIgniter->runController(Object(App\Controllers\Home))
#7 C:\xampp\htdocs\integrador\system\CodeIgniter.php(326): CodeIgniter\CodeIgniter->handleRequest(NULL, Object(Config\Cache), false)
#8 C:\xampp\htdocs\integrador\public\index.php(37): CodeIgniter\CodeIgniter->run()
#9 {main}
CRITICAL - 2023-07-16 15:18:39 --> Undefined array key "id"
#0 C:\xampp\htdocs\integrador\app\Views\user.php(9): CodeIgniter\Debug\Exceptions->errorHandler(2, 'Undefined array...', 'C:\\xampp\\htdocs...', 9)
#1 C:\xampp\htdocs\integrador\system\View\View.php(210): include('C:\\xampp\\htdocs...')
#2 C:\xampp\htdocs\integrador\system\View\View.php(213): CodeIgniter\View\View->CodeIgniter\View\{closure}()
#3 C:\xampp\htdocs\integrador\system\Common.php(1089): CodeIgniter\View\View->render('user', Array, true)
#4 C:\xampp\htdocs\integrador\app\Controllers\Home.php(35): view('user', Array)
#5 C:\xampp\htdocs\integrador\system\CodeIgniter.php(832): App\Controllers\Home->user('0')
#6 C:\xampp\htdocs\integrador\system\CodeIgniter.php(419): CodeIgniter\CodeIgniter->runController(Object(App\Controllers\Home))
#7 C:\xampp\htdocs\integrador\system\CodeIgniter.php(326): CodeIgniter\CodeIgniter->handleRequest(NULL, Object(Config\Cache), false)
#8 C:\xampp\htdocs\integrador\public\index.php(37): CodeIgniter\CodeIgniter->run()
#9 {main}
CRITICAL - 2023-07-16 15:18:41 --> Undefined array key "id"
#0 C:\xampp\htdocs\integrador\app\Views\user.php(9): CodeIgniter\Debug\Exceptions->errorHandler(2, 'Undefined array...', 'C:\\xampp\\htdocs...', 9)
#1 C:\xampp\htdocs\integrador\system\View\View.php(210): include('C:\\xampp\\htdocs...')
#2 C:\xampp\htdocs\integrador\system\View\View.php(213): CodeIgniter\View\View->CodeIgniter\View\{closure}()
#3 C:\xampp\htdocs\integrador\system\Common.php(1089): CodeIgniter\View\View->render('user', Array, true)
#4 C:\xampp\htdocs\integrador\app\Controllers\Home.php(35): view('user', Array)
#5 C:\xampp\htdocs\integrador\system\CodeIgniter.php(832): App\Controllers\Home->user('0')
#6 C:\xampp\htdocs\integrador\system\CodeIgniter.php(419): CodeIgniter\CodeIgniter->runController(Object(App\Controllers\Home))
#7 C:\xampp\htdocs\integrador\system\CodeIgniter.php(326): CodeIgniter\CodeIgniter->handleRequest(NULL, Object(Config\Cache), false)
#8 C:\xampp\htdocs\integrador\public\index.php(37): CodeIgniter\CodeIgniter->run()
#9 {main}
CRITICAL - 2023-07-16 15:21:40 --> syntax error, unexpected double-quoted string "/>", expecting "," or ";"
#0 C:\xampp\htdocs\integrador\system\View\View.php(213): CodeIgniter\View\View->CodeIgniter\View\{closure}()
#1 C:\xampp\htdocs\integrador\system\Common.php(1089): CodeIgniter\View\View->render('index', Array, true)
#2 C:\xampp\htdocs\integrador\app\Controllers\Home.php(16): view('index', Array)
#3 C:\xampp\htdocs\integrador\system\CodeIgniter.php(832): App\Controllers\Home->index()
#4 C:\xampp\htdocs\integrador\system\CodeIgniter.php(419): CodeIgniter\CodeIgniter->runController(Object(App\Controllers\Home))
#5 C:\xampp\htdocs\integrador\system\CodeIgniter.php(326): CodeIgniter\CodeIgniter->handleRequest(NULL, Object(Config\Cache), false)
#6 C:\xampp\htdocs\integrador\public\index.php(37): CodeIgniter\CodeIgniter->run()
#7 {main}
CRITICAL - 2023-07-16 15:22:06 --> syntax error, unexpected token ";", expecting ")"
#0 C:\xampp\htdocs\integrador\system\View\View.php(213): CodeIgniter\View\View->CodeIgniter\View\{closure}()
#1 C:\xampp\htdocs\integrador\system\Common.php(1089): CodeIgniter\View\View->render('index', Array, true)
#2 C:\xampp\htdocs\integrador\app\Controllers\Home.php(16): view('index', Array)
#3 C:\xampp\htdocs\integrador\system\CodeIgniter.php(832): App\Controllers\Home->index()
#4 C:\xampp\htdocs\integrador\system\CodeIgniter.php(419): CodeIgniter\CodeIgniter->runController(Object(App\Controllers\Home))
#5 C:\xampp\htdocs\integrador\system\CodeIgniter.php(326): CodeIgniter\CodeIgniter->handleRequest(NULL, Object(Config\Cache), false)
#6 C:\xampp\htdocs\integrador\public\index.php(37): CodeIgniter\CodeIgniter->run()
#7 {main}
CRITICAL - 2023-07-16 15:25:27 --> syntax error, unexpected token "foreach"
#0 C:\xampp\htdocs\integrador\system\View\View.php(213): CodeIgniter\View\View->CodeIgniter\View\{closure}()
#1 C:\xampp\htdocs\integrador\system\Common.php(1089): CodeIgniter\View\View->render('index', Array, true)
#2 C:\xampp\htdocs\integrador\app\Controllers\Home.php(16): view('index', Array)
#3 C:\xampp\htdocs\integrador\system\CodeIgniter.php(832): App\Controllers\Home->index()
#4 C:\xampp\htdocs\integrador\system\CodeIgniter.php(419): CodeIgniter\CodeIgniter->runController(Object(App\Controllers\Home))
#5 C:\xampp\htdocs\integrador\system\CodeIgniter.php(326): CodeIgniter\CodeIgniter->handleRequest(NULL, Object(Config\Cache), false)
#6 C:\xampp\htdocs\integrador\public\index.php(37): CodeIgniter\CodeIgniter->run()
#7 {main}
CRITICAL - 2023-07-16 16:03:52 --> Undefined variable $totalTime
#0 C:\xampp\htdocs\integrador\system\Debug\Toolbar\Views\toolbar.tpl.php(40): CodeIgniter\Debug\Exceptions->errorHandler(2, 'Undefined varia...', 'C:\\xampp\\htdocs...', 40)
#1 C:\xampp\htdocs\integrador\system\Debug\Toolbar.php(501): include('C:\\xampp\\htdocs...')
#2 C:\xampp\htdocs\integrador\system\Debug\Toolbar.php(464): CodeIgniter\Debug\Toolbar->format(Array, 'html')
#3 C:\xampp\htdocs\integrador\app\Config\Events.php(52): CodeIgniter\Debug\Toolbar->respond()
#4 C:\xampp\htdocs\integrador\system\Events\Events.php(149): CodeIgniter\Events\Events::Config\{closure}()
#5 C:\xampp\htdocs\integrador\system\CodeIgniter.php(308): CodeIgniter\Events\Events::trigger('pre_system')
#6 C:\xampp\htdocs\integrador\public\index.php(37): CodeIgniter\CodeIgniter->run()
#7 {main}
CRITICAL - 2023-07-16 17:41:58 --> Undefined variable $totalTime
#0 C:\xampp\htdocs\integrador\system\Debug\Toolbar\Views\toolbar.tpl.php(40): CodeIgniter\Debug\Exceptions->errorHandler(2, 'Undefined varia...', 'C:\\xampp\\htdocs...', 40)
#1 C:\xampp\htdocs\integrador\system\Debug\Toolbar.php(501): include('C:\\xampp\\htdocs...')
#2 C:\xampp\htdocs\integrador\system\Debug\Toolbar.php(464): CodeIgniter\Debug\Toolbar->format(Array, 'html')
#3 C:\xampp\htdocs\integrador\app\Config\Events.php(52): CodeIgniter\Debug\Toolbar->respond()
#4 C:\xampp\htdocs\integrador\system\Events\Events.php(149): CodeIgniter\Events\Events::Config\{closure}()
#5 C:\xampp\htdocs\integrador\system\CodeIgniter.php(308): CodeIgniter\Events\Events::trigger('pre_system')
#6 C:\xampp\htdocs\integrador\public\index.php(37): CodeIgniter\CodeIgniter->run()
#7 {main}
CRITICAL - 2023-07-16 17:43:40 --> Undefined variable $totalTime
#0 C:\xampp\htdocs\integrador\system\Debug\Toolbar\Views\toolbar.tpl.php(40): CodeIgniter\Debug\Exceptions->errorHandler(2, 'Undefined varia...', 'C:\\xampp\\htdocs...', 40)
#1 C:\xampp\htdocs\integrador\system\Debug\Toolbar.php(501): include('C:\\xampp\\htdocs...')
#2 C:\xampp\htdocs\integrador\system\Debug\Toolbar.php(464): CodeIgniter\Debug\Toolbar->format(Array, 'html')
#3 C:\xampp\htdocs\integrador\app\Config\Events.php(52): CodeIgniter\Debug\Toolbar->respond()
#4 C:\xampp\htdocs\integrador\system\Events\Events.php(149): CodeIgniter\Events\Events::Config\{closure}()
#5 C:\xampp\htdocs\integrador\system\CodeIgniter.php(308): CodeIgniter\Events\Events::trigger('pre_system')
#6 C:\xampp\htdocs\integrador\public\index.php(37): CodeIgniter\CodeIgniter->run()
#7 {main}
CRITICAL - 2023-07-16 17:45:08 --> Undefined variable $totalTime
#0 C:\xampp\htdocs\integrador\system\Debug\Toolbar\Views\toolbar.tpl.php(40): CodeIgniter\Debug\Exceptions->errorHandler(2, 'Undefined varia...', 'C:\\xampp\\htdocs...', 40)
#1 C:\xampp\htdocs\integrador\system\Debug\Toolbar.php(501): include('C:\\xampp\\htdocs...')
#2 C:\xampp\htdocs\integrador\system\Debug\Toolbar.php(464): CodeIgniter\Debug\Toolbar->format(Array, 'html')
#3 C:\xampp\htdocs\integrador\app\Config\Events.php(52): CodeIgniter\Debug\Toolbar->respond()
#4 C:\xampp\htdocs\integrador\system\Events\Events.php(149): CodeIgniter\Events\Events::Config\{closure}()
#5 C:\xampp\htdocs\integrador\system\CodeIgniter.php(308): CodeIgniter\Events\Events::trigger('pre_system')
#6 C:\xampp\htdocs\integrador\public\index.php(37): CodeIgniter\CodeIgniter->run()
#7 {main}
CRITICAL - 2023-07-16 17:47:45 --> Undefined variable $totalTime
#0 C:\xampp\htdocs\integrador\system\Debug\Toolbar\Views\toolbar.tpl.php(40): CodeIgniter\Debug\Exceptions->errorHandler(2, 'Undefined varia...', 'C:\\xampp\\htdocs...', 40)
#1 C:\xampp\htdocs\integrador\system\Debug\Toolbar.php(501): include('C:\\xampp\\htdocs...')
#2 C:\xampp\htdocs\integrador\system\Debug\Toolbar.php(464): CodeIgniter\Debug\Toolbar->format(Array, 'html')
#3 C:\xampp\htdocs\integrador\app\Config\Events.php(52): CodeIgniter\Debug\Toolbar->respond()
#4 C:\xampp\htdocs\integrador\system\Events\Events.php(149): CodeIgniter\Events\Events::Config\{closure}()
#5 C:\xampp\htdocs\integrador\system\CodeIgniter.php(308): CodeIgniter\Events\Events::trigger('pre_system')
#6 C:\xampp\htdocs\integrador\public\index.php(37): CodeIgniter\CodeIgniter->run()
#7 {main}
CRITICAL - 2023-07-16 17:47:53 --> Undefined variable $totalTime
#0 C:\xampp\htdocs\integrador\system\Debug\Toolbar\Views\toolbar.tpl.php(40): CodeIgniter\Debug\Exceptions->errorHandler(2, 'Undefined varia...', 'C:\\xampp\\htdocs...', 40)
#1 C:\xampp\htdocs\integrador\system\Debug\Toolbar.php(501): include('C:\\xampp\\htdocs...')
#2 C:\xampp\htdocs\integrador\system\Debug\Toolbar.php(464): CodeIgniter\Debug\Toolbar->format(Array, 'html')
#3 C:\xampp\htdocs\integrador\app\Config\Events.php(52): CodeIgniter\Debug\Toolbar->respond()
#4 C:\xampp\htdocs\integrador\system\Events\Events.php(149): CodeIgniter\Events\Events::Config\{closure}()
#5 C:\xampp\htdocs\integrador\system\CodeIgniter.php(308): CodeIgniter\Events\Events::trigger('pre_system')
#6 C:\xampp\htdocs\integrador\public\index.php(37): CodeIgniter\CodeIgniter->run()
#7 {main}
CRITICAL - 2023-07-16 17:53:32 --> Undefined variable $totalTime
#0 C:\xampp\htdocs\integrador\system\Debug\Toolbar\Views\toolbar.tpl.php(40): CodeIgniter\Debug\Exceptions->errorHandler(2, 'Undefined varia...', 'C:\\xampp\\htdocs...', 40)
#1 C:\xampp\htdocs\integrador\system\Debug\Toolbar.php(501): include('C:\\xampp\\htdocs...')
#2 C:\xampp\htdocs\integrador\system\Debug\Toolbar.php(464): CodeIgniter\Debug\Toolbar->format(Array, 'html')
#3 C:\xampp\htdocs\integrador\app\Config\Events.php(52): CodeIgniter\Debug\Toolbar->respond()
#4 C:\xampp\htdocs\integrador\system\Events\Events.php(149): CodeIgniter\Events\Events::Config\{closure}()
#5 C:\xampp\htdocs\integrador\system\CodeIgniter.php(308): CodeIgniter\Events\Events::trigger('pre_system')
#6 C:\xampp\htdocs\integrador\public\index.php(37): CodeIgniter\CodeIgniter->run()
#7 {main}
CRITICAL - 2023-07-16 17:53:58 --> Undefined variable $totalTime
#0 C:\xampp\htdocs\integrador\system\Debug\Toolbar\Views\toolbar.tpl.php(40): CodeIgniter\Debug\Exceptions->errorHandler(2, 'Undefined varia...', 'C:\\xampp\\htdocs...', 40)
#1 C:\xampp\htdocs\integrador\system\Debug\Toolbar.php(501): include('C:\\xampp\\htdocs...')
#2 C:\xampp\htdocs\integrador\system\Debug\Toolbar.php(464): CodeIgniter\Debug\Toolbar->format(Array, 'html')
#3 C:\xampp\htdocs\integrador\app\Config\Events.php(52): CodeIgniter\Debug\Toolbar->respond()
#4 C:\xampp\htdocs\integrador\system\Events\Events.php(149): CodeIgniter\Events\Events::Config\{closure}()
#5 C:\xampp\htdocs\integrador\system\CodeIgniter.php(308): CodeIgniter\Events\Events::trigger('pre_system')
#6 C:\xampp\htdocs\integrador\public\index.php(37): CodeIgniter\CodeIgniter->run()
#7 {main}
CRITICAL - 2023-07-16 17:57:08 --> Undefined variable $totalTime
#0 C:\xampp\htdocs\integrador\system\Debug\Toolbar\Views\toolbar.tpl.php(40): CodeIgniter\Debug\Exceptions->errorHandler(2, 'Undefined varia...', 'C:\\xampp\\htdocs...', 40)
#1 C:\xampp\htdocs\integrador\system\Debug\Toolbar.php(501): include('C:\\xampp\\htdocs...')
#2 C:\xampp\htdocs\integrador\system\Debug\Toolbar.php(464): CodeIgniter\Debug\Toolbar->format(Array, 'html')
#3 C:\xampp\htdocs\integrador\app\Config\Events.php(52): CodeIgniter\Debug\Toolbar->respond()
#4 C:\xampp\htdocs\integrador\system\Events\Events.php(149): CodeIgniter\Events\Events::Config\{closure}()
#5 C:\xampp\htdocs\integrador\system\CodeIgniter.php(308): CodeIgniter\Events\Events::trigger('pre_system')
#6 C:\xampp\htdocs\integrador\public\index.php(37): CodeIgniter\CodeIgniter->run()
#7 {main}
